{"C:\\Users\\azizouog\\projects\\battle-tank-js\\spec\\gameObjects\\rectangleSpec.js":{"path":"C:\\Users\\azizouog\\projects\\battle-tank-js\\spec\\gameObjects\\rectangleSpec.js","s":{"1":1,"2":1,"3":1,"4":1,"5":1,"6":1,"7":1,"8":1,"9":1,"10":1,"11":1,"12":1,"13":1,"14":1,"15":1,"16":1,"17":1,"18":1,"19":1,"20":1,"21":1,"22":1,"23":1,"24":1,"25":1,"26":1,"27":1,"28":1,"29":1,"30":1,"31":1,"32":1,"33":1,"34":1,"35":1,"36":1,"37":1,"38":1,"39":1,"40":1,"41":1,"42":1,"43":1,"44":1,"45":1,"46":1},"b":{},"f":{"1":1,"2":1,"3":1,"4":1,"5":1,"6":1,"7":1,"8":1,"9":1,"10":1},"fnMap":{"1":{"name":"(anonymous_1)","line":3,"loc":{"start":{"line":3,"column":22},"end":{"line":3,"column":34}}},"2":{"name":"(anonymous_2)","line":5,"loc":{"start":{"line":5,"column":25},"end":{"line":5,"column":37}}},"3":{"name":"(anonymous_3)","line":10,"loc":{"start":{"line":10,"column":58},"end":{"line":10,"column":70}}},"4":{"name":"(anonymous_4)","line":20,"loc":{"start":{"line":20,"column":32},"end":{"line":20,"column":44}}},"5":{"name":"(anonymous_5)","line":24,"loc":{"start":{"line":24,"column":41},"end":{"line":24,"column":53}}},"6":{"name":"(anonymous_6)","line":30,"loc":{"start":{"line":30,"column":55},"end":{"line":30,"column":67}}},"7":{"name":"(anonymous_7)","line":36,"loc":{"start":{"line":36,"column":63},"end":{"line":36,"column":75}}},"8":{"name":"(anonymous_8)","line":42,"loc":{"start":{"line":42,"column":55},"end":{"line":42,"column":67}}},"9":{"name":"(anonymous_9)","line":48,"loc":{"start":{"line":48,"column":63},"end":{"line":48,"column":75}}},"10":{"name":"(anonymous_10)","line":56,"loc":{"start":{"line":56,"column":74},"end":{"line":56,"column":86}}}},"statementMap":{"1":{"start":{"line":1,"column":0},"end":{"line":1,"column":59}},"2":{"start":{"line":3,"column":0},"end":{"line":64,"column":3}},"3":{"start":{"line":4,"column":2},"end":{"line":4,"column":11}},"4":{"start":{"line":5,"column":2},"end":{"line":8,"column":5}},"5":{"start":{"line":6,"column":4},"end":{"line":6,"column":37}},"6":{"start":{"line":7,"column":4},"end":{"line":7,"column":30}},"7":{"start":{"line":10,"column":2},"end":{"line":18,"column":5}},"8":{"start":{"line":11,"column":4},"end":{"line":11,"column":37}},"9":{"start":{"line":12,"column":4},"end":{"line":12,"column":30}},"10":{"start":{"line":13,"column":4},"end":{"line":13,"column":29}},"11":{"start":{"line":14,"column":4},"end":{"line":14,"column":31}},"12":{"start":{"line":15,"column":4},"end":{"line":15,"column":32}},"13":{"start":{"line":16,"column":4},"end":{"line":16,"column":35}},"14":{"start":{"line":17,"column":4},"end":{"line":17,"column":35}},"15":{"start":{"line":20,"column":2},"end":{"line":63,"column":5}},"16":{"start":{"line":21,"column":4},"end":{"line":21,"column":14}},"17":{"start":{"line":22,"column":4},"end":{"line":22,"column":14}},"18":{"start":{"line":23,"column":4},"end":{"line":23,"column":26}},"19":{"start":{"line":24,"column":4},"end":{"line":28,"column":7}},"20":{"start":{"line":25,"column":6},"end":{"line":25,"column":29}},"21":{"start":{"line":26,"column":6},"end":{"line":26,"column":42}},"22":{"start":{"line":27,"column":6},"end":{"line":27,"column":52}},"23":{"start":{"line":30,"column":4},"end":{"line":34,"column":7}},"24":{"start":{"line":31,"column":6},"end":{"line":31,"column":40}},"25":{"start":{"line":32,"column":6},"end":{"line":32,"column":48}},"26":{"start":{"line":33,"column":6},"end":{"line":33,"column":57}},"27":{"start":{"line":36,"column":4},"end":{"line":40,"column":7}},"28":{"start":{"line":37,"column":6},"end":{"line":37,"column":40}},"29":{"start":{"line":38,"column":6},"end":{"line":38,"column":47}},"30":{"start":{"line":39,"column":6},"end":{"line":39,"column":58}},"31":{"start":{"line":42,"column":4},"end":{"line":46,"column":7}},"32":{"start":{"line":43,"column":6},"end":{"line":43,"column":40}},"33":{"start":{"line":44,"column":6},"end":{"line":44,"column":44}},"34":{"start":{"line":45,"column":6},"end":{"line":45,"column":57}},"35":{"start":{"line":48,"column":4},"end":{"line":54,"column":7}},"36":{"start":{"line":49,"column":6},"end":{"line":49,"column":40}},"37":{"start":{"line":50,"column":6},"end":{"line":50,"column":48}},"38":{"start":{"line":51,"column":6},"end":{"line":51,"column":65}},"39":{"start":{"line":52,"column":6},"end":{"line":52,"column":65}},"40":{"start":{"line":53,"column":6},"end":{"line":53,"column":51}},"41":{"start":{"line":56,"column":4},"end":{"line":62,"column":7}},"42":{"start":{"line":57,"column":6},"end":{"line":57,"column":40}},"43":{"start":{"line":58,"column":6},"end":{"line":58,"column":47}},"44":{"start":{"line":59,"column":6},"end":{"line":59,"column":65}},"45":{"start":{"line":60,"column":6},"end":{"line":60,"column":66}},"46":{"start":{"line":61,"column":6},"end":{"line":61,"column":55}}},"branchMap":{}},"C:\\Users\\azizouog\\projects\\battle-tank-js\\src\\gameObjects\\rectangle.js":{"path":"C:\\Users\\azizouog\\projects\\battle-tank-js\\src\\gameObjects\\rectangle.js","s":{"1":1,"2":25,"3":25,"4":25,"5":25,"6":25,"7":25,"8":25,"9":25,"10":25,"11":25,"12":1,"13":10,"14":6,"15":2,"16":6,"17":4,"18":1,"19":1},"b":{"1":[6,4],"2":[10,10,6,6],"3":[2,4]},"f":{"1":25,"2":10},"fnMap":{"1":{"name":"Rectangle","line":1,"loc":{"start":{"line":1,"column":0},"end":{"line":1,"column":31}}},"2":{"name":"overlap","line":19,"loc":{"start":{"line":19,"column":30},"end":{"line":19,"column":70}}}},"statementMap":{"1":{"start":{"line":1,"column":0},"end":{"line":12,"column":1}},"2":{"start":{"line":2,"column":2},"end":{"line":2,"column":13}},"3":{"start":{"line":3,"column":2},"end":{"line":3,"column":13}},"4":{"start":{"line":4,"column":2},"end":{"line":4,"column":13}},"5":{"start":{"line":5,"column":2},"end":{"line":5,"column":13}},"6":{"start":{"line":6,"column":2},"end":{"line":6,"column":15}},"7":{"start":{"line":7,"column":2},"end":{"line":7,"column":16}},"8":{"start":{"line":8,"column":2},"end":{"line":8,"column":21}},"9":{"start":{"line":9,"column":2},"end":{"line":9,"column":22}},"10":{"start":{"line":10,"column":2},"end":{"line":10,"column":29}},"11":{"start":{"line":11,"column":2},"end":{"line":11,"column":29}},"12":{"start":{"line":19,"column":0},"end":{"line":31,"column":2}},"13":{"start":{"line":20,"column":2},"end":{"line":29,"column":3}},"14":{"start":{"line":25,"column":4},"end":{"line":27,"column":5}},"15":{"start":{"line":26,"column":6},"end":{"line":26,"column":17}},"16":{"start":{"line":28,"column":4},"end":{"line":28,"column":16}},"17":{"start":{"line":30,"column":2},"end":{"line":30,"column":15}},"18":{"start":{"line":33,"column":0},"end":{"line":33,"column":43}},"19":{"start":{"line":35,"column":0},"end":{"line":35,"column":27}}},"branchMap":{"1":{"line":20,"type":"if","locations":[{"start":{"line":20,"column":2},"end":{"line":20,"column":2}},{"start":{"line":20,"column":2},"end":{"line":20,"column":2}}]},"2":{"line":20,"type":"binary-expr","locations":[{"start":{"line":20,"column":6},"end":{"line":20,"column":47}},{"start":{"line":21,"column":7},"end":{"line":21,"column":41}},{"start":{"line":22,"column":7},"end":{"line":22,"column":48}},{"start":{"line":23,"column":7},"end":{"line":23,"column":41}}]},"3":{"line":25,"type":"if","locations":[{"start":{"line":25,"column":4},"end":{"line":25,"column":4}},{"start":{"line":25,"column":4},"end":{"line":25,"column":4}}]}}},"C:\\Users\\azizouog\\projects\\battle-tank-js\\spec\\gameObjects\\spriteSpec.js":{"path":"C:\\Users\\azizouog\\projects\\battle-tank-js\\spec\\gameObjects\\spriteSpec.js","s":{"1":1,"2":1,"3":1,"4":1,"5":1,"6":1,"7":0,"8":1,"9":1,"10":0,"11":0,"12":0,"13":0,"14":0,"15":0,"16":1,"17":1,"18":1,"19":1,"20":1,"21":1,"22":1,"23":1,"24":1,"25":1,"26":1,"27":1,"28":1,"29":1,"30":1,"31":1,"32":1,"33":1,"34":1,"35":1,"36":1,"37":1,"38":1,"39":1,"40":1,"41":1,"42":1,"43":1,"44":1,"45":1,"46":1,"47":1},"b":{},"f":{"1":1,"2":1,"3":1,"4":1,"5":1,"6":1,"7":1,"8":1,"9":1,"10":1},"fnMap":{"1":{"name":"(anonymous_1)","line":3,"loc":{"start":{"line":3,"column":19},"end":{"line":3,"column":31}}},"2":{"name":"(anonymous_2)","line":5,"loc":{"start":{"line":5,"column":25},"end":{"line":5,"column":37}}},"3":{"name":"(anonymous_3)","line":10,"loc":{"start":{"line":10,"column":59},"end":{"line":10,"column":71}}},"4":{"name":"(anonymous_4)","line":20,"loc":{"start":{"line":20,"column":32},"end":{"line":20,"column":44}}},"5":{"name":"(anonymous_5)","line":24,"loc":{"start":{"line":24,"column":41},"end":{"line":24,"column":53}}},"6":{"name":"(anonymous_6)","line":30,"loc":{"start":{"line":30,"column":55},"end":{"line":30,"column":67}}},"7":{"name":"(anonymous_7)","line":36,"loc":{"start":{"line":36,"column":63},"end":{"line":36,"column":75}}},"8":{"name":"(anonymous_8)","line":42,"loc":{"start":{"line":42,"column":55},"end":{"line":42,"column":67}}},"9":{"name":"(anonymous_9)","line":48,"loc":{"start":{"line":48,"column":63},"end":{"line":48,"column":75}}},"10":{"name":"(anonymous_10)","line":56,"loc":{"start":{"line":56,"column":74},"end":{"line":56,"column":86}}}},"statementMap":{"1":{"start":{"line":1,"column":0},"end":{"line":1,"column":59}},"2":{"start":{"line":2,"column":0},"end":{"line":2,"column":53}},"3":{"start":{"line":3,"column":0},"end":{"line":64,"column":3}},"4":{"start":{"line":4,"column":2},"end":{"line":4,"column":13}},"5":{"start":{"line":5,"column":2},"end":{"line":8,"column":5}},"6":{"start":{"line":6,"column":4},"end":{"line":6,"column":70}},"7":{"start":{"line":7,"column":4},"end":{"line":7,"column":32}},"8":{"start":{"line":10,"column":2},"end":{"line":18,"column":5}},"9":{"start":{"line":11,"column":4},"end":{"line":11,"column":36}},"10":{"start":{"line":12,"column":4},"end":{"line":12,"column":32}},"11":{"start":{"line":13,"column":4},"end":{"line":13,"column":31}},"12":{"start":{"line":14,"column":4},"end":{"line":14,"column":33}},"13":{"start":{"line":15,"column":4},"end":{"line":15,"column":34}},"14":{"start":{"line":16,"column":4},"end":{"line":16,"column":37}},"15":{"start":{"line":17,"column":4},"end":{"line":17,"column":37}},"16":{"start":{"line":20,"column":2},"end":{"line":63,"column":5}},"17":{"start":{"line":21,"column":4},"end":{"line":21,"column":14}},"18":{"start":{"line":22,"column":4},"end":{"line":22,"column":14}},"19":{"start":{"line":23,"column":4},"end":{"line":23,"column":26}},"20":{"start":{"line":24,"column":4},"end":{"line":28,"column":7}},"21":{"start":{"line":25,"column":6},"end":{"line":25,"column":29}},"22":{"start":{"line":26,"column":6},"end":{"line":26,"column":42}},"23":{"start":{"line":27,"column":6},"end":{"line":27,"column":52}},"24":{"start":{"line":30,"column":4},"end":{"line":34,"column":7}},"25":{"start":{"line":31,"column":6},"end":{"line":31,"column":40}},"26":{"start":{"line":32,"column":6},"end":{"line":32,"column":48}},"27":{"start":{"line":33,"column":6},"end":{"line":33,"column":57}},"28":{"start":{"line":36,"column":4},"end":{"line":40,"column":7}},"29":{"start":{"line":37,"column":6},"end":{"line":37,"column":40}},"30":{"start":{"line":38,"column":6},"end":{"line":38,"column":47}},"31":{"start":{"line":39,"column":6},"end":{"line":39,"column":58}},"32":{"start":{"line":42,"column":4},"end":{"line":46,"column":7}},"33":{"start":{"line":43,"column":6},"end":{"line":43,"column":40}},"34":{"start":{"line":44,"column":6},"end":{"line":44,"column":44}},"35":{"start":{"line":45,"column":6},"end":{"line":45,"column":57}},"36":{"start":{"line":48,"column":4},"end":{"line":54,"column":7}},"37":{"start":{"line":49,"column":6},"end":{"line":49,"column":40}},"38":{"start":{"line":50,"column":6},"end":{"line":50,"column":48}},"39":{"start":{"line":51,"column":6},"end":{"line":51,"column":65}},"40":{"start":{"line":52,"column":6},"end":{"line":52,"column":65}},"41":{"start":{"line":53,"column":6},"end":{"line":53,"column":51}},"42":{"start":{"line":56,"column":4},"end":{"line":62,"column":7}},"43":{"start":{"line":57,"column":6},"end":{"line":57,"column":40}},"44":{"start":{"line":58,"column":6},"end":{"line":58,"column":47}},"45":{"start":{"line":59,"column":6},"end":{"line":59,"column":65}},"46":{"start":{"line":60,"column":6},"end":{"line":60,"column":66}},"47":{"start":{"line":61,"column":6},"end":{"line":61,"column":55}}},"branchMap":{}},"C:\\Users\\azizouog\\projects\\battle-tank-js\\src\\gameObjects\\sprite.js":{"path":"C:\\Users\\azizouog\\projects\\battle-tank-js\\src\\gameObjects\\sprite.js","s":{"1":1,"2":1,"3":1,"4":1,"5":2,"6":2,"7":2,"8":2,"9":2,"10":1,"11":2,"12":0,"13":0,"14":0,"15":0,"16":0,"17":1,"18":0,"19":1},"b":{"1":[0,0]},"f":{"1":2,"2":2,"3":0,"4":0},"fnMap":{"1":{"name":"Sprite","line":6,"loc":{"start":{"line":6,"column":0},"end":{"line":6,"column":55}}},"2":{"name":"loadImage","line":15,"loc":{"start":{"line":15,"column":29},"end":{"line":15,"column":50}}},"3":{"name":"onload","line":17,"loc":{"start":{"line":17,"column":22},"end":{"line":17,"column":48}}},"4":{"name":"draw","line":26,"loc":{"start":{"line":26,"column":24},"end":{"line":26,"column":46}}}},"statementMap":{"1":{"start":{"line":1,"column":0},"end":{"line":1,"column":39}},"2":{"start":{"line":3,"column":0},"end":{"line":3,"column":54}},"3":{"start":{"line":4,"column":0},"end":{"line":4,"column":38}},"4":{"start":{"line":6,"column":0},"end":{"line":12,"column":1}},"5":{"start":{"line":7,"column":2},"end":{"line":7,"column":35}},"6":{"start":{"line":8,"column":2},"end":{"line":8,"column":23}},"7":{"start":{"line":9,"column":2},"end":{"line":9,"column":20}},"8":{"start":{"line":10,"column":2},"end":{"line":10,"column":39}},"9":{"start":{"line":11,"column":2},"end":{"line":11,"column":19}},"10":{"start":{"line":15,"column":0},"end":{"line":24,"column":2}},"11":{"start":{"line":16,"column":2},"end":{"line":16,"column":27}},"12":{"start":{"line":17,"column":2},"end":{"line":22,"column":4}},"13":{"start":{"line":18,"column":4},"end":{"line":18,"column":22}},"14":{"start":{"line":19,"column":4},"end":{"line":21,"column":5}},"15":{"start":{"line":20,"column":6},"end":{"line":20,"column":47}},"16":{"start":{"line":23,"column":2},"end":{"line":23,"column":28}},"17":{"start":{"line":26,"column":0},"end":{"line":28,"column":2}},"18":{"start":{"line":27,"column":2},"end":{"line":27,"column":63}},"19":{"start":{"line":30,"column":0},"end":{"line":30,"column":24}}},"branchMap":{"1":{"line":19,"type":"if","locations":[{"start":{"line":19,"column":4},"end":{"line":19,"column":4}},{"start":{"line":19,"column":4},"end":{"line":19,"column":4}}]}}}}